<?xml version="1.0" encoding="UTF-8"?>
<testsuite xmlns:xsi="http://www.w3.org/2001/XMLSchema-instance" xsi:noNamespaceSchemaLocation="https://maven.apache.org/surefire/maven-surefire-plugin/xsd/surefire-test-report-3.0.xsd" version="3.0" name="Scenario: If the email address is incorrect user should see an error message" time="18.951" tests="4" errors="0" skipped="0" failures="0">
  <properties>
[...]
</properties>
  <testcase name="Scenario: If the email address is incorrect user should see an error message" classname="Scenario: If the email address is incorrect user should see an error message" time="0"/>
  <testcase name="Given Open Chrome and navigate to &quot;http://automationpractice.com/&quot;" classname="Scenario: If the email address is incorrect user should see an error message" time="0.002"/>
  <testcase name="When Click on the SignIn and enter the invalid email address" classname="Scenario: If the email address is incorrect user should see an error message" time="0"/>
  <testcase name="Then User should not be able to login into the automation practise website" classname="Scenario: If the email address is incorrect user should see an error message" time="0"/>
</testsuite>